{"/Users/emcgary/Documents/workspace/opensource/ember-starterkit/source/app/config.js":{"path":"/Users/emcgary/Documents/workspace/opensource/ember-starterkit/source/app/config.js","s":{"1":1,"2":1},"b":{},"f":{},"fnMap":{},"statementMap":{"1":{"start":{"line":1,"column":0},"end":{"line":1,"column":13}},"2":{"start":{"line":2,"column":0},"end":{"line":21,"column":3}}},"branchMap":{}},"/Users/emcgary/Documents/workspace/opensource/ember-starterkit/source/app/main.js":{"path":"/Users/emcgary/Documents/workspace/opensource/ember-starterkit/source/app/main.js","s":{"1":1,"2":0,"3":0,"4":0,"5":0,"6":0},"b":{},"f":{"1":0,"2":0,"3":0},"fnMap":{"1":{"name":"(anonymous_1)","line":1,"loc":{"start":{"line":1,"column":33},"end":{"line":1,"column":64}}},"2":{"name":"(anonymous_2)","line":7,"loc":{"start":{"line":7,"column":16},"end":{"line":7,"column":27}}},"3":{"name":"(anonymous_3)","line":12,"loc":{"start":{"line":12,"column":9},"end":{"line":12,"column":20}}}},"statementMap":{"1":{"start":{"line":1,"column":0},"end":{"line":17,"column":3}},"2":{"start":{"line":3,"column":1},"end":{"line":3,"column":14}},"3":{"start":{"line":5,"column":1},"end":{"line":5,"column":38}},"4":{"start":{"line":7,"column":1},"end":{"line":9,"column":4}},"5":{"start":{"line":11,"column":1},"end":{"line":15,"column":4}},"6":{"start":{"line":13,"column":3},"end":{"line":13,"column":36}}},"branchMap":{}}}